*** Starting uWSGI 2.0.22 (64bit) on [Wed Sep 27 22:47:46 2023] ***
compiled with version: Apple LLVM 13.1.6 (clang-1316.0.21.2.5) on 27 September 2023 12:42:12
os: Darwin-21.5.0 Darwin Kernel Version 21.5.0: Tue Apr 26 21:08:37 PDT 2022; root:xnu-8020.121.3~4/RELEASE_ARM64_T6000
nodename: MZC01-BLUESE.local
machine: arm64
clock source: unix
detected number of CPU cores: 8
current working directory: /Users/mzc01-bluese/gitops-course/argocd-course/sample/humancat-frontend/gitops
writing pidfile to /tmp/gitops-master.pid
detected binary path: /Users/mzc01-bluese/.virtualenvs/django/bin/uwsgi
!!! no internal routing support, rebuild with pcre support !!!
chdir() to /Users/mzc01-bluese/gitops-course/argocd-course/sample/humancat-frontend/gitops
your processes number limit is 5333
your memory page size is 16384 bytes
detected max file descriptor number: 256
lock engine: OSX spinlocks
thunder lock: disabled (you can enable it with --thunder-lock)
Python version: 3.10.13 (main, Aug 24 2023, 22:43:20) [Clang 14.0.0 (clang-1400.0.29.202)]
*** Python threads support is disabled. You can enable it with --enable-threads ***
Python main interpreter initialized at 0x120e06260
The -s/--socket option is missing and stdin is not a socket.
*** Starting uWSGI 2.0.22 (64bit) on [Wed Sep 27 22:50:05 2023] ***
compiled with version: Apple LLVM 13.1.6 (clang-1316.0.21.2.5) on 27 September 2023 12:42:12
os: Darwin-21.5.0 Darwin Kernel Version 21.5.0: Tue Apr 26 21:08:37 PDT 2022; root:xnu-8020.121.3~4/RELEASE_ARM64_T6000
nodename: MZC01-BLUESE.local
machine: arm64
clock source: unix
detected number of CPU cores: 8
current working directory: /Users/mzc01-bluese/gitops-course/argocd-course/sample/humancat-frontend/gitops
writing pidfile to /tmp/gitops-master.pid
detected binary path: /Users/mzc01-bluese/.virtualenvs/django/bin/uwsgi
!!! no internal routing support, rebuild with pcre support !!!
chdir() to /Users/mzc01-bluese/gitops-course/argocd-course/sample/humancat-frontend/gitops
your processes number limit is 5333
your memory page size is 16384 bytes
detected max file descriptor number: 256
lock engine: OSX spinlocks
thunder lock: disabled (you can enable it with --thunder-lock)
Python version: 3.10.13 (main, Aug 24 2023, 22:43:20) [Clang 14.0.0 (clang-1400.0.29.202)]
*** Python threads support is disabled. You can enable it with --enable-threads ***
Python main interpreter initialized at 0x15b806f10
The -s/--socket option is missing and stdin is not a socket.
